============================================================
  Generated by:           Genus(TM) Synthesis Solution 21.14-s082_1
  Generated on:           May 23 2026  02:47:21 am
  Module:                 spi_master
  Operating conditions:   WCZCOM (balanced_tree)
  Wireload mode:          segmented
  Area mode:              timing library
============================================================

Timing
--------

Clock Period 
-------------
clk   3333.0 


  Cost    Critical         Violating 
 Group   Path Slack  TNS     Paths   
-------------------------------------
clk          2446.0   0.0          0 
default    No paths   0.0            
-------------------------------------
Total                 0.0          0 

Instance Count
--------------
Leaf Instance Count             256 
Physical Instance count           0 
Sequential Instance Count       113 
Combinational Instance Count    143 
Hierarchical Instance Count       0 

Area
----
Cell Area                          1230.840
Physical Cell Area                 0.000
Total Cell Area (Cell+Physical)    1230.840
Net Area                           0.000
Total Area (Cell+Physical+Net)     1230.840

Max Fanout                         42 (clk)
Min Fanout                         0 (n_1)
Average Fanout                     2.2
Terms to net ratio                 3.2368
Terms to instance ratio            3.8438
Runtime                            27.213118 seconds
Elapsed Runtime                    35 seconds
Genus peak memory usage            2198.75 
Innovus peak memory usage          no_value 
Hostname                           localhost
