============================================================
  Generated by:           Genus(TM) Synthesis Solution 21.14-s082_1
  Generated on:           May 23 2026  02:46:43 am
  Module:                 spi_master
  Operating conditions:   WCZCOM (balanced_tree)
  Wireload mode:          segmented
  Area mode:              timing library
============================================================

Timing
--------

Clock Period 
-------------
clk   5000.0 


  Cost    Critical         Violating 
 Group   Path Slack  TNS     Paths   
-------------------------------------
clk          4145.7   0.0          0 
default    No paths   0.0            
-------------------------------------
Total                 0.0          0 

Instance Count
--------------
Leaf Instance Count             250 
Physical Instance count           0 
Sequential Instance Count       113 
Combinational Instance Count    137 
Hierarchical Instance Count       0 

Area
----
Cell Area                          1229.400
Physical Cell Area                 0.000
Total Cell Area (Cell+Physical)    1229.400
Net Area                           0.000
Total Area (Cell+Physical+Net)     1229.400

Max Fanout                         42 (clk)
Min Fanout                         0 (n_1)
Average Fanout                     2.2
Terms to net ratio                 3.2929
Terms to instance ratio            3.9120
Runtime                            27.20187 seconds
Elapsed Runtime                    40 seconds
Genus peak memory usage            2202.30 
Innovus peak memory usage          no_value 
Hostname                           localhost
