============================================================
  Generated by:           Genus(TM) Synthesis Solution 21.14-s082_1
  Generated on:           May 23 2026  02:45:21 am
  Module:                 SPI_Master_1
  Operating conditions:   WCZCOM (balanced_tree)
  Wireload mode:          segmented
  Area mode:              timing library
============================================================

Timing
--------

Clock Period 
-------------
clk   3333.0 


  Cost    Critical         Violating 
 Group   Path Slack  TNS     Paths   
-------------------------------------
clk          2656.6   0.0          0 
default    No paths   0.0            
-------------------------------------
Total                 0.0          0 

Instance Count
--------------
Leaf Instance Count             110 
Physical Instance count           0 
Sequential Instance Count        36 
Combinational Instance Count     74 
Hierarchical Instance Count       0 

Area
----
Cell Area                          476.640
Physical Cell Area                 0.000
Total Cell Area (Cell+Physical)    476.640
Net Area                           0.000
Total Area (Cell+Physical+Net)     476.640

Max Fanout                         36 (i_Clk)
Min Fanout                         0 (i_Rst_L)
Average Fanout                     2.4
Terms to net ratio                 3.5038
Terms to instance ratio            4.1727
Runtime                            25.614662 seconds
Elapsed Runtime                    33 seconds
Genus peak memory usage            2095.38 
Innovus peak memory usage          no_value 
Hostname                           localhost
