============================================================
  Generated by:           Genus(TM) Synthesis Solution 21.14-s082_1
  Generated on:           May 23 2026  02:45:21 am
  Module:                 SPI_Master_1
  Operating conditions:   WCZCOM (balanced_tree)
  Wireload mode:          segmented
  Area mode:              timing library
============================================================


Path 1: MET (2657 ps) Setup Check with Pin r_SPI_Clk_Edges_reg[2]/CP->D
          Group: clk
     Startpoint: (R) r_SPI_Clk_Edges_reg[0]/CP
          Clock: (R) clk
       Endpoint: (R) r_SPI_Clk_Edges_reg[2]/D
          Clock: (R) clk

                     Capture       Launch     
        Clock Edge:+    3333            0     
       Src Latency:+    1250         1250     
       Net Latency:+       0 (I)        0 (I) 
           Arrival:=    4583         1250     
                                              
             Setup:-      42                  
       Uncertainty:-     100                  
     Required Time:=    4441                  
      Launch Clock:-    1250                  
         Data Path:-     534                  
             Slack:=    2657                  

#---------------------------------------------------------------------------------------------------
#       Timing Point        Flags    Arc   Edge   Cell     Fanout Load Trans Delay Arrival Instance 
#                                                                 (fF)  (ps)  (ps)   (ps)  Location 
#---------------------------------------------------------------------------------------------------
  r_SPI_Clk_Edges_reg[0]/CP -       -      R     (arrival)     36    -     0     0    1250    (-,-) 
  r_SPI_Clk_Edges_reg[0]/Q  -       CP->Q  R     DFCNQD1        5  4.9    54   158    1408    (-,-) 
  g2713__5122/ZN            -       A2->ZN F     NR2XD0         2  1.7    36    43    1451    (-,-) 
  g2696__8428/ZN            -       A1->ZN R     CKND2D1        4  3.8    61    51    1502    (-,-) 
  g2694__2398/ZN            -       A1->ZN F     NR2XD0         2  1.8    36    43    1545    (-,-) 
  g2692__1666/ZN            -       B1->ZN R     IND2D1         3  2.5    36    36    1581    (-,-) 
  g2689__9945/ZN            -       A1->ZN F     ND2D1         10  9.1   101    76    1657    (-,-) 
  g2683__7482/ZN            -       B1->ZN F     MAOI22D1       1  0.8    38    90    1747    (-,-) 
  g2672__2802/ZN            -       A1->ZN R     NR2XD0         1  0.9    37    37    1784    (-,-) 
  r_SPI_Clk_Edges_reg[2]/D  <<<     -      R     DFCND1         1    -     -     0    1784    (-,-) 
#---------------------------------------------------------------------------------------------------

