============================================================
  Generated by:           Genus(TM) Synthesis Solution 21.14-s082_1
  Generated on:           May 23 2026  02:47:21 am
  Module:                 spi_master
  Operating conditions:   WCZCOM (balanced_tree)
  Wireload mode:          segmented
  Area mode:              timing library
============================================================


Path 1: MET (2446 ps) Setup Check with Pin SPI_state_reg[0]/CP->D
          Group: clk
     Startpoint: (R) SPI_state_reg[1]/CP
          Clock: (R) clk
       Endpoint: (R) SPI_state_reg[0]/D
          Clock: (R) clk

                     Capture       Launch     
        Clock Edge:+    3333            0     
       Src Latency:+    1250         1250     
       Net Latency:+       0 (I)        0 (I) 
           Arrival:=    4583         1250     
                                              
             Setup:-      49                  
       Uncertainty:-     100                  
     Required Time:=    4434                  
      Launch Clock:-    1250                  
         Data Path:-     738                  
             Slack:=    2446                  

#---------------------------------------------------------------------------------------------
#    Timing Point     Flags    Arc   Edge   Cell     Fanout Load Trans Delay Arrival Instance 
#                                                           (fF)  (ps)  (ps)   (ps)  Location 
#---------------------------------------------------------------------------------------------
  SPI_state_reg[1]/CP -       -      R     (arrival)     42    -     0     0    1250    (-,-) 
  SPI_state_reg[1]/QN -       CP->QN R     DFKCND1        3  2.9    36   175    1425    (-,-) 
  g4628__6131/Z       -       A1->Z  R     OR2XD1        33 49.0   424   255    1680    (-,-) 
  g4625/ZN            -       I->ZN  F     INVD1          1  0.8    78    60    1740    (-,-) 
  g4619__2346/ZN      -       A1->ZN R     NR2XD0         9  8.7   175   132    1872    (-,-) 
  g4579/ZN            -       I->ZN  F     INVD1          1  1.0    43    44    1916    (-,-) 
  g4482__7482/ZN      -       B1->ZN R     OAI32D1        1  0.9    90    72    1988    (-,-) 
  SPI_state_reg[0]/D  <<<     -      R     DFD1           1    -     -     0    1988    (-,-) 
#---------------------------------------------------------------------------------------------

