============================================================
  Generated by:           Genus(TM) Synthesis Solution 21.14-s082_1
  Generated on:           May 23 2026  02:44:45 am
  Module:                 SPI_Master_1
  Operating conditions:   WCZCOM (balanced_tree)
  Wireload mode:          segmented
  Area mode:              timing library
============================================================

Timing
--------

Clock Period 
-------------
clk   5000.0 


  Cost    Critical         Violating 
 Group   Path Slack  TNS     Paths   
-------------------------------------
clk          4357.8   0.0          0 
default    No paths   0.0            
-------------------------------------
Total                 0.0          0 

Instance Count
--------------
Leaf Instance Count             107 
Physical Instance count           0 
Sequential Instance Count        36 
Combinational Instance Count     71 
Hierarchical Instance Count       0 

Area
----
Cell Area                          475.560
Physical Cell Area                 0.000
Total Cell Area (Cell+Physical)    475.560
Net Area                           0.000
Total Area (Cell+Physical+Net)     475.560

Max Fanout                         36 (i_Clk)
Min Fanout                         0 (i_Rst_L)
Average Fanout                     2.5
Terms to net ratio                 3.5469
Terms to instance ratio            4.2430
Runtime                            25.631272 seconds
Elapsed Runtime                    36 seconds
Genus peak memory usage            2192.36 
Innovus peak memory usage          no_value 
Hostname                           localhost
