============================================================
  Generated by:           Genus(TM) Synthesis Solution 21.14-s082_1
  Generated on:           May 23 2026  02:44:07 am
  Module:                 SPI_Master_1
  Operating conditions:   WCZCOM (balanced_tree)
  Wireload mode:          segmented
  Area mode:              timing library
============================================================


Path 1: MET (9408 ps) Setup Check with Pin r_SPI_Clk_Edges_reg[2]/CP->D
          Group: clk
     Startpoint: (R) r_SPI_Clk_Edges_reg[0]/CP
          Clock: (R) clk
       Endpoint: (R) r_SPI_Clk_Edges_reg[2]/D
          Clock: (R) clk

                     Capture       Launch     
        Clock Edge:+   10000            0     
       Src Latency:+    1250         1250     
       Net Latency:+       0 (I)        0 (I) 
           Arrival:=   11250         1250     
                                              
             Setup:-      44                  
     Required Time:=   11206                  
      Launch Clock:-    1250                  
         Data Path:-     548                  
             Slack:=    9408                  

#---------------------------------------------------------------------------------------------------
#       Timing Point        Flags    Arc   Edge   Cell     Fanout Load Trans Delay Arrival Instance 
#                                                                 (fF)  (ps)  (ps)   (ps)  Location 
#---------------------------------------------------------------------------------------------------
  r_SPI_Clk_Edges_reg[0]/CP -       -      R     (arrival)     36    -     0     0    1250    (-,-) 
  r_SPI_Clk_Edges_reg[0]/Q  -       CP->Q  R     DFCNQD1        4  3.9    46   153    1403    (-,-) 
  g2374__5122/ZN            -       A2->ZN F     NR2XD0         3  2.7    44    47    1450    (-,-) 
  g2354__5526/ZN            -       A1->ZN R     CKND2D1        3  2.8    50    47    1497    (-,-) 
  g2352__5477/ZN            -       A1->ZN F     NR2XD0         3  2.8    44    46    1544    (-,-) 
  g2350__2346/ZN            -       B1->ZN R     IND2D1         3  2.5    38    39    1582    (-,-) 
  g2347__9315/ZN            -       A1->ZN F     ND2D1         11 10.1   110    83    1665    (-,-) 
  g2339__7098/ZN            -       B1->ZN F     MAOI22D1       1  0.9    40    93    1758    (-,-) 
  g2332__6783/ZN            -       A1->ZN R     NR2D1          1  0.9    41    40    1798    (-,-) 
  r_SPI_Clk_Edges_reg[2]/D  <<<     -      R     DFCND1         1    -     -     0    1798    (-,-) 
#---------------------------------------------------------------------------------------------------

