============================================================
  Generated by:           Genus(TM) Synthesis Solution 21.14-s082_1
  Generated on:           May 23 2026  02:46:43 am
  Module:                 spi_master
  Operating conditions:   WCZCOM (balanced_tree)
  Wireload mode:          segmented
  Area mode:              timing library
============================================================


Path 1: MET (4146 ps) Setup Check with Pin CS_reg[6]/CP->D
          Group: clk
     Startpoint: (R) SPI_state_reg[0]/CP
          Clock: (R) clk
       Endpoint: (F) CS_reg[6]/D
          Clock: (R) clk

                     Capture       Launch     
        Clock Edge:+    5000            0     
       Src Latency:+    1250         1250     
       Net Latency:+       0 (I)        0 (I) 
           Arrival:=    6250         1250     
                                              
             Setup:-      22                  
       Uncertainty:-      50                  
     Required Time:=    6178                  
      Launch Clock:-    1250                  
         Data Path:-     782                  
             Slack:=    4146                  

#---------------------------------------------------------------------------------------------
#    Timing Point     Flags    Arc   Edge   Cell     Fanout Load Trans Delay Arrival Instance 
#                                                           (fF)  (ps)  (ps)   (ps)  Location 
#---------------------------------------------------------------------------------------------
  SPI_state_reg[0]/CP -       -      R     (arrival)     42    -     0     0    1250    (-,-) 
  SPI_state_reg[0]/QN -       CP->QN F     DFD1           5  4.5    36   161    1411    (-,-) 
  g4572__3680/ZN      -       A1->ZN R     ND2D1         33 48.9   433   249    1660    (-,-) 
  g4568/ZN            -       I->ZN  F     CKND1          1  0.8    83    71    1731    (-,-) 
  g4521__1617/ZN      -       A1->ZN R     NR2XD0         2  2.0    63    63    1795    (-,-) 
  g4482/ZN            -       I->ZN  F     INVD1          8  6.2    45    48    1843    (-,-) 
  g4460__2883/Z       -       C->Z   F     AO221D0        1  0.9    45   189    2032    (-,-) 
  CS_reg[6]/D         <<<     -      F     DFQD1          1    -     -     0    2032    (-,-) 
#---------------------------------------------------------------------------------------------

