============================================================
  Generated by:           Genus(TM) Synthesis Solution 21.14-s082_1
  Generated on:           May 23 2026  02:49:10 am
  Module:                 spi_master_2
  Operating conditions:   WCZCOM (balanced_tree)
  Wireload mode:          segmented
  Area mode:              timing library
============================================================

Timing
--------

Clock Period 
-------------
clk   3333.0 


  Cost    Critical         Violating 
 Group   Path Slack  TNS     Paths   
-------------------------------------
clk          2509.7   0.0          0 
default    No paths   0.0            
-------------------------------------
Total                 0.0          0 

Instance Count
--------------
Leaf Instance Count             118 
Physical Instance count           0 
Sequential Instance Count        44 
Combinational Instance Count     74 
Hierarchical Instance Count       0 

Area
----
Cell Area                          577.440
Physical Cell Area                 0.000
Total Cell Area (Cell+Physical)    577.440
Net Area                           0.000
Total Area (Cell+Physical+Net)     577.440

Max Fanout                         44 (clk)
Min Fanout                         0 (rst_n)
Average Fanout                     2.7
Terms to net ratio                 3.7681
Terms to instance ratio            4.4068
Runtime                            25.45817 seconds
Elapsed Runtime                    34 seconds
Genus peak memory usage            2196.36 
Innovus peak memory usage          no_value 
Hostname                           localhost
