============================================================
  Generated by:           Genus(TM) Synthesis Solution 21.14-s082_1
  Generated on:           May 23 2026  02:49:10 am
  Module:                 spi_master_2
  Operating conditions:   WCZCOM (balanced_tree)
  Wireload mode:          segmented
  Area mode:              timing library
============================================================


Path 1: MET (2510 ps) Setup Check with Pin rx_buf_reg[6]/CP->SE
          Group: clk
     Startpoint: (R) brg_inst_clk_en_reg/CP
          Clock: (R) clk
       Endpoint: (R) rx_buf_reg[6]/SE
          Clock: (R) clk

                     Capture       Launch     
        Clock Edge:+    3333            0     
       Src Latency:+    1250         1250     
       Net Latency:+       0 (I)        0 (I) 
           Arrival:=    4583         1250     
                                              
             Setup:-     273                  
       Uncertainty:-     100                  
     Required Time:=    4210                  
      Launch Clock:-    1250                  
         Data Path:-     450                  
             Slack:=    2510                  

#------------------------------------------------------------------------------------------------
#     Timing Point       Flags    Arc   Edge   Cell     Fanout Load Trans Delay Arrival Instance 
#                                                              (fF)  (ps)  (ps)   (ps)  Location 
#------------------------------------------------------------------------------------------------
  brg_inst_clk_en_reg/CP -       -      R     (arrival)     44    -     0     0    1250    (-,-) 
  brg_inst_clk_en_reg/Q  -       CP->Q  R     DFCND1         5  5.3    61   159    1409    (-,-) 
  g2429__1617/ZN         -       A1->ZN F     CKND2D1        3  2.3    40    44    1453    (-,-) 
  g2371__4733/ZN         -       B2->ZN R     INR3D0        10 13.7   397   247    1700    (-,-) 
  rx_buf_reg[6]/SE       <<<     -      R     SDFCNQD1      10    -     -     0    1700    (-,-) 
#------------------------------------------------------------------------------------------------

