============================================================
  Generated by:           Genus(TM) Synthesis Solution 21.14-s082_1
  Generated on:           May 23 2026  02:47:59 am
  Module:                 spi_master_2
  Operating conditions:   WCZCOM (balanced_tree)
  Wireload mode:          segmented
  Area mode:              timing library
============================================================


Path 1: MET (9268 ps) Setup Check with Pin rx_buf_reg[5]/CP->SE
          Group: clk
     Startpoint: (R) brg_inst_clk_en_reg/CP
          Clock: (R) clk
       Endpoint: (R) rx_buf_reg[5]/SE
          Clock: (R) clk

                     Capture       Launch     
        Clock Edge:+   10000            0     
       Src Latency:+    1250         1250     
       Net Latency:+       0 (I)        0 (I) 
           Arrival:=   11250         1250     
                                              
             Setup:-     273                  
     Required Time:=   10977                  
      Launch Clock:-    1250                  
         Data Path:-     458                  
             Slack:=    9268                  

#------------------------------------------------------------------------------------------------
#     Timing Point       Flags    Arc   Edge   Cell     Fanout Load Trans Delay Arrival Instance 
#                                                              (fF)  (ps)  (ps)   (ps)  Location 
#------------------------------------------------------------------------------------------------
  brg_inst_clk_en_reg/CP -       -      R     (arrival)     44    -     0     0    1250    (-,-) 
  brg_inst_clk_en_reg/Q  -       CP->Q  R     DFCND1         5  5.3    61   159    1409    (-,-) 
  g2499__1705/ZN         -       A1->ZN F     CKND2D1        3  2.3    40    44    1453    (-,-) 
  g2467__4733/ZN         -       B1->ZN R     INR3D0        10 13.7   397   255    1708    (-,-) 
  rx_buf_reg[5]/SE       <<<     -      R     SDFCNQD1      10    -     -     0    1708    (-,-) 
#------------------------------------------------------------------------------------------------

